build/app/intermediates/manifest_merge_blame_file/release/manifest-merger-blame-release-report.txt
1<?xml version="1.0" encoding="utf-8"?>
2<manifest xmlns:android="http://schemas.android.com/apk/res/android"
3    package="com.genossys.suryalita_sales_app"
4    android:versionCode="1"
5    android:versionName="1.0.0" >
6
7    <uses-sdk
8        android:minSdkVersion="21"
9        android:targetSdkVersion="34" />
10
11    <uses-permission android:name="android.permission.CAMERA" />
11-->src\main\AndroidManifest.xml:2:5-64
11-->src\main\AndroidManifest.xml:2:22-62
12
13    <uses-feature
13-->src\main\AndroidManifest.xml:3:5-83
14        android:name="android.hardware.camera"
14-->src\main\AndroidManifest.xml:3:19-57
15        android:required="true" />
15-->src\main\AndroidManifest.xml:3:58-81
16    <uses-feature
16-->src\main\AndroidManifest.xml:4:5-93
17        android:name="android.hardware.camera.autofocus"
17-->src\main\AndroidManifest.xml:4:19-67
18        android:required="true" />
18-->src\main\AndroidManifest.xml:4:68-91
19    <!--
20         Required to query activities that can process text, see:
21         https://developer.android.com/training/package-visibility and
22         https://developer.android.com/reference/android/content/Intent#ACTION_PROCESS_TEXT.
23
24         In particular, this is used by the Flutter engine in io.flutter.plugin.text.ProcessTextPlugin.
25    -->
26    <queries>
26-->src\main\AndroidManifest.xml:45:5-50:15
27        <intent>
27-->src\main\AndroidManifest.xml:46:9-49:18
28            <action android:name="android.intent.action.PROCESS_TEXT" />
28-->src\main\AndroidManifest.xml:47:13-72
28-->src\main\AndroidManifest.xml:47:21-70
29
30            <data android:mimeType="text/plain" />
30-->src\main\AndroidManifest.xml:48:13-50
30-->src\main\AndroidManifest.xml:48:19-48
31        </intent>
32    </queries>
33
34    <permission
34-->[androidx.core:core:1.13.1] AndroidManifest.xml:22:5-24:47
35        android:name="com.genossys.suryalita_sales_app.DYNAMIC_RECEIVER_NOT_EXPORTED_PERMISSION"
35-->[androidx.core:core:1.13.1] AndroidManifest.xml:23:9-81
36        android:protectionLevel="signature" />
36-->[androidx.core:core:1.13.1] AndroidManifest.xml:24:9-44
37
38    <uses-permission android:name="com.genossys.suryalita_sales_app.DYNAMIC_RECEIVER_NOT_EXPORTED_PERMISSION" /> <!-- Although the *SdkVersion is captured in gradle build files, this is required for non gradle builds -->
38-->[androidx.core:core:1.13.1] AndroidManifest.xml:26:5-97
38-->[androidx.core:core:1.13.1] AndroidManifest.xml:26:22-94
39    <!-- <uses-sdk android:minSdkVersion="14"/> -->
40    <uses-permission android:name="android.permission.ACCESS_NETWORK_STATE" />
40-->[com.google.android.datatransport:transport-backend-cct:2.3.3] AndroidManifest.xml:25:5-79
40-->[com.google.android.datatransport:transport-backend-cct:2.3.3] AndroidManifest.xml:25:22-76
41    <uses-permission android:name="android.permission.INTERNET" />
41-->[com.google.android.datatransport:transport-backend-cct:2.3.3] AndroidManifest.xml:26:5-67
41-->[com.google.android.datatransport:transport-backend-cct:2.3.3] AndroidManifest.xml:26:22-64
42
43    <application
44        android:name="android.app.Application"
44-->src\main\AndroidManifest.xml:8:9-42
45        android:appComponentFactory="androidx.core.app.CoreComponentFactory"
45-->[androidx.core:core:1.13.1] AndroidManifest.xml:28:18-86
46        android:extractNativeLibs="true"
47        android:icon="@mipmap/ic_launcher"
47-->src\main\AndroidManifest.xml:9:9-43
48        android:label="suryalita_sales_app"
48-->src\main\AndroidManifest.xml:7:9-44
49        android:theme="@style/LaunchTheme" >
49-->src\main\AndroidManifest.xml:10:9-43
50        <activity
50-->src\main\AndroidManifest.xml:12:9-33:20
51            android:name="com.genossys.suryalita_sales_app.MainActivity"
51-->src\main\AndroidManifest.xml:13:13-41
52            android:configChanges="orientation|keyboardHidden|keyboard|screenSize|smallestScreenSize|locale|layoutDirection|fontScale|screenLayout|density|uiMode"
52-->src\main\AndroidManifest.xml:18:13-163
53            android:exported="true"
53-->src\main\AndroidManifest.xml:14:13-36
54            android:hardwareAccelerated="true"
54-->src\main\AndroidManifest.xml:19:13-47
55            android:launchMode="singleTop"
55-->src\main\AndroidManifest.xml:15:13-43
56            android:taskAffinity=""
56-->src\main\AndroidManifest.xml:16:13-36
57            android:theme="@style/LaunchTheme"
57-->src\main\AndroidManifest.xml:17:13-47
58            android:windowSoftInputMode="adjustResize" >
58-->src\main\AndroidManifest.xml:20:13-55
59
60            <!--
61                 Specifies an Android theme to apply to this Activity as soon as
62                 the Android process has started. This theme is visible to the user
63                 while the Flutter UI initializes. After that, this theme continues
64                 to determine the Window background behind the Flutter UI.
65            -->
66            <meta-data
66-->src\main\AndroidManifest.xml:25:13-28:17
67                android:name="io.flutter.embedding.android.NormalTheme"
67-->src\main\AndroidManifest.xml:26:15-70
68                android:resource="@style/NormalTheme" />
68-->src\main\AndroidManifest.xml:27:15-52
69
70            <intent-filter>
70-->src\main\AndroidManifest.xml:29:13-32:29
71                <action android:name="android.intent.action.MAIN" />
71-->src\main\AndroidManifest.xml:30:17-68
71-->src\main\AndroidManifest.xml:30:25-66
72
73                <category android:name="android.intent.category.LAUNCHER" />
73-->src\main\AndroidManifest.xml:31:17-76
73-->src\main\AndroidManifest.xml:31:27-74
74            </intent-filter>
75        </activity>
76        <!--
77             Don't delete the meta-data below.
78             This is used by the Flutter tool to generate GeneratedPluginRegistrant.java
79        -->
80        <meta-data
80-->src\main\AndroidManifest.xml:36:9-38:33
81            android:name="flutterEmbedding"
81-->src\main\AndroidManifest.xml:37:13-44
82            android:value="2" />
82-->src\main\AndroidManifest.xml:38:13-30
83
84        <provider
84-->[:image_picker_android] AndroidManifest.xml:9:9-17:20
85            android:name="io.flutter.plugins.imagepicker.ImagePickerFileProvider"
85-->[:image_picker_android] AndroidManifest.xml:10:13-82
86            android:authorities="com.genossys.suryalita_sales_app.flutter.image_provider"
86-->[:image_picker_android] AndroidManifest.xml:11:13-74
87            android:exported="false"
87-->[:image_picker_android] AndroidManifest.xml:12:13-37
88            android:grantUriPermissions="true" >
88-->[:image_picker_android] AndroidManifest.xml:13:13-47
89            <meta-data
89-->[:image_picker_android] AndroidManifest.xml:14:13-16:75
90                android:name="android.support.FILE_PROVIDER_PATHS"
90-->[:image_picker_android] AndroidManifest.xml:15:17-67
91                android:resource="@xml/flutter_image_picker_file_paths" />
91-->[:image_picker_android] AndroidManifest.xml:16:17-72
92        </provider> <!-- Trigger Google Play services to install the backported photo picker module. -->
93        <service
93-->[:image_picker_android] AndroidManifest.xml:19:9-31:19
94            android:name="com.google.android.gms.metadata.ModuleDependencies"
94-->[:image_picker_android] AndroidManifest.xml:20:13-78
95            android:enabled="false"
95-->[:image_picker_android] AndroidManifest.xml:21:13-36
96            android:exported="false" >
96-->[:image_picker_android] AndroidManifest.xml:22:13-37
97            <intent-filter>
97-->[:image_picker_android] AndroidManifest.xml:24:13-26:29
98                <action android:name="com.google.android.gms.metadata.MODULE_DEPENDENCIES" />
98-->[:image_picker_android] AndroidManifest.xml:25:17-94
98-->[:image_picker_android] AndroidManifest.xml:25:25-91
99            </intent-filter>
100
101            <meta-data
101-->[:image_picker_android] AndroidManifest.xml:28:13-30:36
102                android:name="photopicker_activity:0:required"
102-->[:image_picker_android] AndroidManifest.xml:29:17-63
103                android:value="" />
103-->[:image_picker_android] AndroidManifest.xml:30:17-33
104        </service>
105
106        <activity
106-->[:url_launcher_android] AndroidManifest.xml:8:9-11:74
107            android:name="io.flutter.plugins.urllauncher.WebViewActivity"
107-->[:url_launcher_android] AndroidManifest.xml:9:13-74
108            android:exported="false"
108-->[:url_launcher_android] AndroidManifest.xml:10:13-37
109            android:theme="@android:style/Theme.NoTitleBar.Fullscreen" />
109-->[:url_launcher_android] AndroidManifest.xml:11:13-71
110        <!--
111        Service for holding metadata. Cannot be instantiated.
112        Metadata will be merged from other manifests.
113        -->
114        <service
114-->[androidx.camera:camera-core:1.3.4] AndroidManifest.xml:29:9-33:78
115            android:name="androidx.camera.core.impl.MetadataHolderService"
115-->[androidx.camera:camera-core:1.3.4] AndroidManifest.xml:30:13-75
116            android:enabled="false"
116-->[androidx.camera:camera-core:1.3.4] AndroidManifest.xml:31:13-36
117            android:exported="false" >
117-->[androidx.camera:camera-core:1.3.4] AndroidManifest.xml:32:13-37
118            <meta-data
118-->[androidx.camera:camera-camera2:1.3.4] AndroidManifest.xml:30:13-32:89
119                android:name="androidx.camera.core.impl.MetadataHolderService.DEFAULT_CONFIG_PROVIDER"
119-->[androidx.camera:camera-camera2:1.3.4] AndroidManifest.xml:31:17-103
120                android:value="androidx.camera.camera2.Camera2Config$DefaultProvider" />
120-->[androidx.camera:camera-camera2:1.3.4] AndroidManifest.xml:32:17-86
121        </service>
122        <service
122-->[com.google.android.gms:play-services-mlkit-barcode-scanning:18.3.0] AndroidManifest.xml:9:9-15:19
123            android:name="com.google.mlkit.common.internal.MlKitComponentDiscoveryService"
123-->[com.google.android.gms:play-services-mlkit-barcode-scanning:18.3.0] AndroidManifest.xml:10:13-91
124            android:directBootAware="true"
124-->[com.google.mlkit:common:18.9.0] AndroidManifest.xml:17:13-43
125            android:exported="false" >
125-->[com.google.android.gms:play-services-mlkit-barcode-scanning:18.3.0] AndroidManifest.xml:11:13-37
126            <meta-data
126-->[com.google.android.gms:play-services-mlkit-barcode-scanning:18.3.0] AndroidManifest.xml:12:13-14:85
127                android:name="com.google.firebase.components:com.google.mlkit.vision.barcode.internal.BarcodeRegistrar"
127-->[com.google.android.gms:play-services-mlkit-barcode-scanning:18.3.0] AndroidManifest.xml:13:17-120
128                android:value="com.google.firebase.components.ComponentRegistrar" />
128-->[com.google.android.gms:play-services-mlkit-barcode-scanning:18.3.0] AndroidManifest.xml:14:17-82
129            <meta-data
129-->[com.google.mlkit:vision-common:17.3.0] AndroidManifest.xml:12:13-14:85
130                android:name="com.google.firebase.components:com.google.mlkit.vision.common.internal.VisionCommonRegistrar"
130-->[com.google.mlkit:vision-common:17.3.0] AndroidManifest.xml:13:17-124
131                android:value="com.google.firebase.components.ComponentRegistrar" />
131-->[com.google.mlkit:vision-common:17.3.0] AndroidManifest.xml:14:17-82
132            <meta-data
132-->[com.google.mlkit:common:18.9.0] AndroidManifest.xml:20:13-22:85
133                android:name="com.google.firebase.components:com.google.mlkit.common.internal.CommonComponentRegistrar"
133-->[com.google.mlkit:common:18.9.0] AndroidManifest.xml:21:17-120
134                android:value="com.google.firebase.components.ComponentRegistrar" />
134-->[com.google.mlkit:common:18.9.0] AndroidManifest.xml:22:17-82
135        </service>
136
137        <provider
137-->[com.google.mlkit:common:18.9.0] AndroidManifest.xml:9:9-13:38
138            android:name="com.google.mlkit.common.internal.MlKitInitProvider"
138-->[com.google.mlkit:common:18.9.0] AndroidManifest.xml:10:13-78
139            android:authorities="com.genossys.suryalita_sales_app.mlkitinitprovider"
139-->[com.google.mlkit:common:18.9.0] AndroidManifest.xml:11:13-69
140            android:exported="false"
140-->[com.google.mlkit:common:18.9.0] AndroidManifest.xml:12:13-37
141            android:initOrder="99" />
141-->[com.google.mlkit:common:18.9.0] AndroidManifest.xml:13:13-35
142
143        <activity
143-->[com.google.android.gms:play-services-base:18.1.0] AndroidManifest.xml:20:9-22:45
144            android:name="com.google.android.gms.common.api.GoogleApiActivity"
144-->[com.google.android.gms:play-services-base:18.1.0] AndroidManifest.xml:20:19-85
145            android:exported="false"
145-->[com.google.android.gms:play-services-base:18.1.0] AndroidManifest.xml:22:19-43
146            android:theme="@android:style/Theme.Translucent.NoTitleBar" />
146-->[com.google.android.gms:play-services-base:18.1.0] AndroidManifest.xml:21:19-78
147
148        <meta-data
148-->[com.google.android.gms:play-services-basement:18.1.0] AndroidManifest.xml:21:9-23:69
149            android:name="com.google.android.gms.version"
149-->[com.google.android.gms:play-services-basement:18.1.0] AndroidManifest.xml:22:13-58
150            android:value="@integer/google_play_services_version" />
150-->[com.google.android.gms:play-services-basement:18.1.0] AndroidManifest.xml:23:13-66
151
152        <uses-library
152-->[androidx.window:window:1.2.0] AndroidManifest.xml:23:9-25:40
153            android:name="androidx.window.extensions"
153-->[androidx.window:window:1.2.0] AndroidManifest.xml:24:13-54
154            android:required="false" />
154-->[androidx.window:window:1.2.0] AndroidManifest.xml:25:13-37
155        <uses-library
155-->[androidx.window:window:1.2.0] AndroidManifest.xml:26:9-28:40
156            android:name="androidx.window.sidecar"
156-->[androidx.window:window:1.2.0] AndroidManifest.xml:27:13-51
157            android:required="false" />
157-->[androidx.window:window:1.2.0] AndroidManifest.xml:28:13-37
158
159        <provider
159-->[androidx.lifecycle:lifecycle-process:2.7.0] AndroidManifest.xml:24:9-32:20
160            android:name="androidx.startup.InitializationProvider"
160-->[androidx.lifecycle:lifecycle-process:2.7.0] AndroidManifest.xml:25:13-67
161            android:authorities="com.genossys.suryalita_sales_app.androidx-startup"
161-->[androidx.lifecycle:lifecycle-process:2.7.0] AndroidManifest.xml:26:13-68
162            android:exported="false" >
162-->[androidx.lifecycle:lifecycle-process:2.7.0] AndroidManifest.xml:27:13-37
163            <meta-data
163-->[androidx.lifecycle:lifecycle-process:2.7.0] AndroidManifest.xml:29:13-31:52
164                android:name="androidx.lifecycle.ProcessLifecycleInitializer"
164-->[androidx.lifecycle:lifecycle-process:2.7.0] AndroidManifest.xml:30:17-78
165                android:value="androidx.startup" />
165-->[androidx.lifecycle:lifecycle-process:2.7.0] AndroidManifest.xml:31:17-49
166            <meta-data
166-->[androidx.profileinstaller:profileinstaller:1.3.1] AndroidManifest.xml:29:13-31:52
167                android:name="androidx.profileinstaller.ProfileInstallerInitializer"
167-->[androidx.profileinstaller:profileinstaller:1.3.1] AndroidManifest.xml:30:17-85
168                android:value="androidx.startup" />
168-->[androidx.profileinstaller:profileinstaller:1.3.1] AndroidManifest.xml:31:17-49
169        </provider>
170
171        <receiver
171-->[androidx.profileinstaller:profileinstaller:1.3.1] AndroidManifest.xml:34:9-52:20
172            android:name="androidx.profileinstaller.ProfileInstallReceiver"
172-->[androidx.profileinstaller:profileinstaller:1.3.1] AndroidManifest.xml:35:13-76
173            android:directBootAware="false"
173-->[androidx.profileinstaller:profileinstaller:1.3.1] AndroidManifest.xml:36:13-44
174            android:enabled="true"
174-->[androidx.profileinstaller:profileinstaller:1.3.1] AndroidManifest.xml:37:13-35
175            android:exported="true"
175-->[androidx.profileinstaller:profileinstaller:1.3.1] AndroidManifest.xml:38:13-36
176            android:permission="android.permission.DUMP" >
176-->[androidx.profileinstaller:profileinstaller:1.3.1] AndroidManifest.xml:39:13-57
177            <intent-filter>
177-->[androidx.profileinstaller:profileinstaller:1.3.1] AndroidManifest.xml:40:13-42:29
178                <action android:name="androidx.profileinstaller.action.INSTALL_PROFILE" />
178-->[androidx.profileinstaller:profileinstaller:1.3.1] AndroidManifest.xml:41:17-91
178-->[androidx.profileinstaller:profileinstaller:1.3.1] AndroidManifest.xml:41:25-88
179            </intent-filter>
180            <intent-filter>
180-->[androidx.profileinstaller:profileinstaller:1.3.1] AndroidManifest.xml:43:13-45:29
181                <action android:name="androidx.profileinstaller.action.SKIP_FILE" />
181-->[androidx.profileinstaller:profileinstaller:1.3.1] AndroidManifest.xml:44:17-85
181-->[androidx.profileinstaller:profileinstaller:1.3.1] AndroidManifest.xml:44:25-82
182            </intent-filter>
183            <intent-filter>
183-->[androidx.profileinstaller:profileinstaller:1.3.1] AndroidManifest.xml:46:13-48:29
184                <action android:name="androidx.profileinstaller.action.SAVE_PROFILE" />
184-->[androidx.profileinstaller:profileinstaller:1.3.1] AndroidManifest.xml:47:17-88
184-->[androidx.profileinstaller:profileinstaller:1.3.1] AndroidManifest.xml:47:25-85
185            </intent-filter>
186            <intent-filter>
186-->[androidx.profileinstaller:profileinstaller:1.3.1] AndroidManifest.xml:49:13-51:29
187                <action android:name="androidx.profileinstaller.action.BENCHMARK_OPERATION" />
187-->[androidx.profileinstaller:profileinstaller:1.3.1] AndroidManifest.xml:50:17-95
187-->[androidx.profileinstaller:profileinstaller:1.3.1] AndroidManifest.xml:50:25-92
188            </intent-filter>
189        </receiver>
190
191        <service
191-->[com.google.android.datatransport:transport-backend-cct:2.3.3] AndroidManifest.xml:29:9-35:19
192            android:name="com.google.android.datatransport.runtime.backends.TransportBackendDiscovery"
192-->[com.google.android.datatransport:transport-backend-cct:2.3.3] AndroidManifest.xml:30:13-103
193            android:exported="false" >
193-->[com.google.android.datatransport:transport-backend-cct:2.3.3] AndroidManifest.xml:31:13-37
194            <meta-data
194-->[com.google.android.datatransport:transport-backend-cct:2.3.3] AndroidManifest.xml:32:13-34:39
195                android:name="backend:com.google.android.datatransport.cct.CctBackendFactory"
195-->[com.google.android.datatransport:transport-backend-cct:2.3.3] AndroidManifest.xml:33:17-94
196                android:value="cct" />
196-->[com.google.android.datatransport:transport-backend-cct:2.3.3] AndroidManifest.xml:34:17-36
197        </service>
198        <service
198-->[com.google.android.datatransport:transport-runtime:2.2.6] AndroidManifest.xml:26:9-30:19
199            android:name="com.google.android.datatransport.runtime.scheduling.jobscheduling.JobInfoSchedulerService"
199-->[com.google.android.datatransport:transport-runtime:2.2.6] AndroidManifest.xml:27:13-117
200            android:exported="false"
200-->[com.google.android.datatransport:transport-runtime:2.2.6] AndroidManifest.xml:28:13-37
201            android:permission="android.permission.BIND_JOB_SERVICE" >
201-->[com.google.android.datatransport:transport-runtime:2.2.6] AndroidManifest.xml:29:13-69
202        </service>
203
204        <receiver
204-->[com.google.android.datatransport:transport-runtime:2.2.6] AndroidManifest.xml:32:9-34:40
205            android:name="com.google.android.datatransport.runtime.scheduling.jobscheduling.AlarmManagerSchedulerBroadcastReceiver"
205-->[com.google.android.datatransport:transport-runtime:2.2.6] AndroidManifest.xml:33:13-132
206            android:exported="false" />
206-->[com.google.android.datatransport:transport-runtime:2.2.6] AndroidManifest.xml:34:13-37
207    </application>
208
209</manifest>